\BOOKMARK [0][-]{chapter.1}{Introduction}{}% 1
\BOOKMARK [0][-]{chapter.2}{Goals and tasks of the project}{}% 2
\BOOKMARK [0][-]{chapter.3}{Topic analysis}{}% 3
\BOOKMARK [1][-]{section.3.1}{Data acquisition}{chapter.3}% 4
\BOOKMARK [1][-]{section.3.2}{Processing audio}{chapter.3}% 5
\BOOKMARK [1][-]{section.3.3}{Effects}{chapter.3}% 6
\BOOKMARK [0][-]{chapter.4}{External specification}{}% 7
\BOOKMARK [1][-]{section.4.1}{Block diagram}{chapter.4}% 8
\BOOKMARK [1][-]{section.4.2}{Desctiption}{chapter.4}% 9
\BOOKMARK [1][-]{section.4.3}{Choice of components}{chapter.4}% 10
\BOOKMARK [1][-]{section.4.4}{Schematic}{chapter.4}% 11
\BOOKMARK [1][-]{section.4.5}{PCB}{chapter.4}% 12
\BOOKMARK [1][-]{section.4.6}{Assembly}{chapter.4}% 13
\BOOKMARK [0][-]{chapter.5}{Internal specification}{}% 14
\BOOKMARK [1][-]{section.5.1}{Programming language}{chapter.5}% 15
\BOOKMARK [1][-]{section.5.2}{IDE}{chapter.5}% 16
\BOOKMARK [1][-]{section.5.3}{Text editor}{chapter.5}% 17
\BOOKMARK [1][-]{section.5.4}{Frameworks and tools}{chapter.5}% 18
\BOOKMARK [1][-]{section.5.5}{Software block diagram}{chapter.5}% 19
\BOOKMARK [1][-]{section.5.6}{Description of functions and objects}{chapter.5}% 20
\BOOKMARK [1][-]{section.5.7}{User manual}{chapter.5}% 21
\BOOKMARK [0][-]{chapter.6}{Testing}{}% 22
\BOOKMARK [0][-]{chapter.7}{Conclusions}{}% 23
